The system is: Darwin - 19.6.0 - x86_64
Compiling the C compiler identification source file "CMakeCCompilerId.c" succeeded.
Compiler: /usr/bin/gcc 
Build flags: 
Id flags:  

The output was:
0


Compilation of the C compiler identification source "CMakeCCompilerId.c" produced "a.out"

The C compiler identification is AppleClang, found in "/Volumes/Aatmik SSD/Algoface-Facial-Tracking/cmake-build-debug/CMakeFiles/3.16.5/CompilerIdC/a.out"

Compiling the CXX compiler identification source file "CMakeCXXCompilerId.cpp" succeeded.
Compiler: /usr/bin/g++ 
Build flags: 
Id flags:  

The output was:
0


Compilation of the CXX compiler identification source "CMakeCXXCompilerId.cpp" produced "a.out"

The CXX compiler identification is AppleClang, found in "/Volumes/Aatmik SSD/Algoface-Facial-Tracking/cmake-build-debug/CMakeFiles/3.16.5/CompilerIdCXX/a.out"

Determining if the C compiler works passed with the following output:
Change Dir: /Volumes/Aatmik SSD/Algoface-Facial-Tracking/cmake-build-debug/CMakeFiles/CMakeTmp

Run Build Command(s):/usr/bin/make cmTC_85f72/fast && /Library/Developer/CommandLineTools/usr/bin/make -f CMakeFiles/cmTC_85f72.dir/build.make CMakeFiles/cmTC_85f72.dir/build
Building C object CMakeFiles/cmTC_85f72.dir/testCCompiler.c.o
/usr/bin/gcc   -isysroot /Library/Developer/CommandLineTools/SDKs/MacOSX10.15.sdk   -o CMakeFiles/cmTC_85f72.dir/testCCompiler.c.o   -c "/Volumes/Aatmik SSD/Algoface-Facial-Tracking/cmake-build-debug/CMakeFiles/CMakeTmp/testCCompiler.c"
Linking C executable cmTC_85f72
/Applications/CLion.app/Contents/bin/cmake/mac/bin/cmake -E cmake_link_script CMakeFiles/cmTC_85f72.dir/link.txt --verbose=1
/usr/bin/gcc   -isysroot /Library/Developer/CommandLineTools/SDKs/MacOSX10.15.sdk -Wl,-search_paths_first -Wl,-headerpad_max_install_names   CMakeFiles/cmTC_85f72.dir/testCCompiler.c.o  -o cmTC_85f72 



Detecting C compiler ABI info compiled with the following output:
Change Dir: /Volumes/Aatmik SSD/Algoface-Facial-Tracking/cmake-build-debug/CMakeFiles/CMakeTmp

Run Build Command(s):/usr/bin/make cmTC_228a4/fast && /Library/Developer/CommandLineTools/usr/bin/make -f CMakeFiles/cmTC_228a4.dir/build.make CMakeFiles/cmTC_228a4.dir/build
Building C object CMakeFiles/cmTC_228a4.dir/CMakeCCompilerABI.c.o
/usr/bin/gcc   -isysroot /Library/Developer/CommandLineTools/SDKs/MacOSX10.15.sdk   -v -Wl,-v -o CMakeFiles/cmTC_228a4.dir/CMakeCCompilerABI.c.o   -c /Applications/CLion.app/Contents/bin/cmake/mac/share/cmake-3.16/Modules/CMakeCCompilerABI.c
Apple clang version 11.0.0 (clang-1100.0.33.16)
Target: x86_64-apple-darwin19.6.0
Thread model: posix
InstalledDir: /Library/Developer/CommandLineTools/usr/bin
clang: warning: -Wl,-v: 'linker' input unused [-Wunused-command-line-argument]
 "/Library/Developer/CommandLineTools/usr/bin/clang" -cc1 -triple x86_64-apple-macosx10.15.0 -Wdeprecated-objc-isa-usage -Werror=deprecated-objc-isa-usage -emit-obj -mrelax-all -disable-free -disable-llvm-verifier -discard-value-names -main-file-name CMakeCCompilerABI.c -mrelocation-model pic -pic-level 2 -mthread-model posix -mdisable-fp-elim -fno-strict-return -masm-verbose -munwind-tables -target-sdk-version=10.15 -target-cpu penryn -dwarf-column-info -debugger-tuning=lldb -ggnu-pubnames -target-linker-version 530 -v -coverage-notes-file /Volumes/Aatmik SSD/Algoface-Facial-Tracking/cmake-build-debug/CMakeFiles/CMakeTmp/CMakeFiles/cmTC_228a4.dir/CMakeCCompilerABI.c.gcno -resource-dir /Library/Developer/CommandLineTools/usr/lib/clang/11.0.0 -isysroot /Library/Developer/CommandLineTools/SDKs/MacOSX10.15.sdk -Wno-framework-include-private-from-public -Wno-atimport-in-framework-header -Wno-extra-semi-stmt -Wno-quoted-include-in-framework-header -fdebug-compilation-dir /Volumes/Aatmik SSD/Algoface-Facial-Tracking/cmake-build-debug/CMakeFiles/CMakeTmp -ferror-limit 19 -fmessage-length 0 -stack-protector 1 -fstack-check -mdarwin-stkchk-strong-link -fblocks -fencode-extended-block-signature -fregister-global-dtors-with-atexit -fobjc-runtime=macosx-10.15.0 -fmax-type-align=16 -fdiagnostics-show-option -o CMakeFiles/cmTC_228a4.dir/CMakeCCompilerABI.c.o -x c /Applications/CLion.app/Contents/bin/cmake/mac/share/cmake-3.16/Modules/CMakeCCompilerABI.c
clang -cc1 version 11.0.0 (clang-1100.0.33.16) default target x86_64-apple-darwin19.6.0
ignoring nonexistent directory "/Library/Developer/CommandLineTools/SDKs/MacOSX10.15.sdk/usr/local/include"
ignoring nonexistent directory "/Library/Developer/CommandLineTools/SDKs/MacOSX10.15.sdk/Library/Frameworks"
#include "..." search starts here:
#include <...> search starts here:
 /Library/Developer/CommandLineTools/usr/lib/clang/11.0.0/include
 /Library/Developer/CommandLineTools/usr/include
 /Library/Developer/CommandLineTools/SDKs/MacOSX10.15.sdk/usr/include
 /Library/Developer/CommandLineTools/SDKs/MacOSX10.15.sdk/System/Library/Frameworks (framework directory)
End of search list.
Linking C executable cmTC_228a4
/Applications/CLion.app/Contents/bin/cmake/mac/bin/cmake -E cmake_link_script CMakeFiles/cmTC_228a4.dir/link.txt --verbose=1
/usr/bin/gcc   -isysroot /Library/Developer/CommandLineTools/SDKs/MacOSX10.15.sdk -Wl,-search_paths_first -Wl,-headerpad_max_install_names  -v -Wl,-v CMakeFiles/cmTC_228a4.dir/CMakeCCompilerABI.c.o  -o cmTC_228a4 
Apple clang version 11.0.0 (clang-1100.0.33.16)
Target: x86_64-apple-darwin19.6.0
Thread model: posix
InstalledDir: /Library/Developer/CommandLineTools/usr/bin
 "/Library/Developer/CommandLineTools/usr/bin/ld" -demangle -lto_library /Library/Developer/CommandLineTools/usr/lib/libLTO.dylib -dynamic -arch x86_64 -macosx_version_min 10.15.0 -syslibroot /Library/Developer/CommandLineTools/SDKs/MacOSX10.15.sdk -o cmTC_228a4 -search_paths_first -headerpad_max_install_names -v CMakeFiles/cmTC_228a4.dir/CMakeCCompilerABI.c.o -lSystem /Library/Developer/CommandLineTools/usr/lib/clang/11.0.0/lib/darwin/libclang_rt.osx.a
@(#)PROGRAM:ld  PROJECT:ld64-530
BUILD 03:01:58 Nov 15 2019
configured to support archs: armv6 armv7 armv7s arm64 arm64e arm64_32 i386 x86_64 x86_64h armv6m armv7k armv7m armv7em
Library search paths:
	/Library/Developer/CommandLineTools/SDKs/MacOSX10.15.sdk/usr/lib
Framework search paths:
	/Library/Developer/CommandLineTools/SDKs/MacOSX10.15.sdk/System/Library/Frameworks/



Parsed C implicit include dir info from above output: rv=done
  found start of include info
  found start of implicit include info
    add: [/Library/Developer/CommandLineTools/usr/lib/clang/11.0.0/include]
    add: [/Library/Developer/CommandLineTools/usr/include]
    add: [/Library/Developer/CommandLineTools/SDKs/MacOSX10.15.sdk/usr/include]
  end of search list found
  collapse include dir [/Library/Developer/CommandLineTools/usr/lib/clang/11.0.0/include] ==> [/Library/Developer/CommandLineTools/usr/lib/clang/11.0.0/include]
  collapse include dir [/Library/Developer/CommandLineTools/usr/include] ==> [/Library/Developer/CommandLineTools/usr/include]
  collapse include dir [/Library/Developer/CommandLineTools/SDKs/MacOSX10.15.sdk/usr/include] ==> [/Library/Developer/CommandLineTools/SDKs/MacOSX10.15.sdk/usr/include]
  implicit include dirs: [/Library/Developer/CommandLineTools/usr/lib/clang/11.0.0/include;/Library/Developer/CommandLineTools/usr/include;/Library/Developer/CommandLineTools/SDKs/MacOSX10.15.sdk/usr/include]


Parsed C implicit link information from above output:
  link line regex: [^( *|.*[/\])(ld|CMAKE_LINK_STARTFILE-NOTFOUND|([^/\]+-)?ld|collect2)[^/\]*( |$)]
  ignore line: [Change Dir: /Volumes/Aatmik SSD/Algoface-Facial-Tracking/cmake-build-debug/CMakeFiles/CMakeTmp]
  ignore line: []
  ignore line: [Run Build Command(s):/usr/bin/make cmTC_228a4/fast && /Library/Developer/CommandLineTools/usr/bin/make -f CMakeFiles/cmTC_228a4.dir/build.make CMakeFiles/cmTC_228a4.dir/build]
  ignore line: [Building C object CMakeFiles/cmTC_228a4.dir/CMakeCCompilerABI.c.o]
  ignore line: [/usr/bin/gcc   -isysroot /Library/Developer/CommandLineTools/SDKs/MacOSX10.15.sdk   -v -Wl -v -o CMakeFiles/cmTC_228a4.dir/CMakeCCompilerABI.c.o   -c /Applications/CLion.app/Contents/bin/cmake/mac/share/cmake-3.16/Modules/CMakeCCompilerABI.c]
  ignore line: [Apple clang version 11.0.0 (clang-1100.0.33.16)]
  ignore line: [Target: x86_64-apple-darwin19.6.0]
  ignore line: [Thread model: posix]
  ignore line: [InstalledDir: /Library/Developer/CommandLineTools/usr/bin]
  ignore line: [clang: warning: -Wl -v: 'linker' input unused [-Wunused-command-line-argument]]
  ignore line: [ "/Library/Developer/CommandLineTools/usr/bin/clang" -cc1 -triple x86_64-apple-macosx10.15.0 -Wdeprecated-objc-isa-usage -Werror=deprecated-objc-isa-usage -emit-obj -mrelax-all -disable-free -disable-llvm-verifier -discard-value-names -main-file-name CMakeCCompilerABI.c -mrelocation-model pic -pic-level 2 -mthread-model posix -mdisable-fp-elim -fno-strict-return -masm-verbose -munwind-tables -target-sdk-version=10.15 -target-cpu penryn -dwarf-column-info -debugger-tuning=lldb -ggnu-pubnames -target-linker-version 530 -v -coverage-notes-file /Volumes/Aatmik SSD/Algoface-Facial-Tracking/cmake-build-debug/CMakeFiles/CMakeTmp/CMakeFiles/cmTC_228a4.dir/CMakeCCompilerABI.c.gcno -resource-dir /Library/Developer/CommandLineTools/usr/lib/clang/11.0.0 -isysroot /Library/Developer/CommandLineTools/SDKs/MacOSX10.15.sdk -Wno-framework-include-private-from-public -Wno-atimport-in-framework-header -Wno-extra-semi-stmt -Wno-quoted-include-in-framework-header -fdebug-compilation-dir /Volumes/Aatmik SSD/Algoface-Facial-Tracking/cmake-build-debug/CMakeFiles/CMakeTmp -ferror-limit 19 -fmessage-length 0 -stack-protector 1 -fstack-check -mdarwin-stkchk-strong-link -fblocks -fencode-extended-block-signature -fregister-global-dtors-with-atexit -fobjc-runtime=macosx-10.15.0 -fmax-type-align=16 -fdiagnostics-show-option -o CMakeFiles/cmTC_228a4.dir/CMakeCCompilerABI.c.o -x c /Applications/CLion.app/Contents/bin/cmake/mac/share/cmake-3.16/Modules/CMakeCCompilerABI.c]
  ignore line: [clang -cc1 version 11.0.0 (clang-1100.0.33.16) default target x86_64-apple-darwin19.6.0]
  ignore line: [ignoring nonexistent directory "/Library/Developer/CommandLineTools/SDKs/MacOSX10.15.sdk/usr/local/include"]
  ignore line: [ignoring nonexistent directory "/Library/Developer/CommandLineTools/SDKs/MacOSX10.15.sdk/Library/Frameworks"]
  ignore line: [#include "..." search starts here:]
  ignore line: [#include <...> search starts here:]
  ignore line: [ /Library/Developer/CommandLineTools/usr/lib/clang/11.0.0/include]
  ignore line: [ /Library/Developer/CommandLineTools/usr/include]
  ignore line: [ /Library/Developer/CommandLineTools/SDKs/MacOSX10.15.sdk/usr/include]
  ignore line: [ /Library/Developer/CommandLineTools/SDKs/MacOSX10.15.sdk/System/Library/Frameworks (framework directory)]
  ignore line: [End of search list.]
  ignore line: [Linking C executable cmTC_228a4]
  ignore line: [/Applications/CLion.app/Contents/bin/cmake/mac/bin/cmake -E cmake_link_script CMakeFiles/cmTC_228a4.dir/link.txt --verbose=1]
  ignore line: [/usr/bin/gcc   -isysroot /Library/Developer/CommandLineTools/SDKs/MacOSX10.15.sdk -Wl -search_paths_first -Wl -headerpad_max_install_names  -v -Wl -v CMakeFiles/cmTC_228a4.dir/CMakeCCompilerABI.c.o  -o cmTC_228a4 ]
  ignore line: [Apple clang version 11.0.0 (clang-1100.0.33.16)]
  ignore line: [Target: x86_64-apple-darwin19.6.0]
  ignore line: [Thread model: posix]
  ignore line: [InstalledDir: /Library/Developer/CommandLineTools/usr/bin]
  link line: [ "/Library/Developer/CommandLineTools/usr/bin/ld" -demangle -lto_library /Library/Developer/CommandLineTools/usr/lib/libLTO.dylib -dynamic -arch x86_64 -macosx_version_min 10.15.0 -syslibroot /Library/Developer/CommandLineTools/SDKs/MacOSX10.15.sdk -o cmTC_228a4 -search_paths_first -headerpad_max_install_names -v CMakeFiles/cmTC_228a4.dir/CMakeCCompilerABI.c.o -lSystem /Library/Developer/CommandLineTools/usr/lib/clang/11.0.0/lib/darwin/libclang_rt.osx.a]
    arg [/Library/Developer/CommandLineTools/usr/bin/ld] ==> ignore
    arg [-demangle] ==> ignore
    arg [-lto_library] ==> ignore, skip following value
    arg [/Library/Developer/CommandLineTools/usr/lib/libLTO.dylib] ==> skip value of -lto_library
    arg [-dynamic] ==> ignore
    arg [-arch] ==> ignore
    arg [x86_64] ==> ignore
    arg [-macosx_version_min] ==> ignore
    arg [10.15.0] ==> ignore
    arg [-syslibroot] ==> ignore
    arg [/Library/Developer/CommandLineTools/SDKs/MacOSX10.15.sdk] ==> ignore
    arg [-o] ==> ignore
    arg [cmTC_228a4] ==> ignore
    arg [-search_paths_first] ==> ignore
    arg [-headerpad_max_install_names] ==> ignore
    arg [-v] ==> ignore
    arg [CMakeFiles/cmTC_228a4.dir/CMakeCCompilerABI.c.o] ==> ignore
    arg [-lSystem] ==> lib [System]
    arg [/Library/Developer/CommandLineTools/usr/lib/clang/11.0.0/lib/darwin/libclang_rt.osx.a] ==> lib [/Library/Developer/CommandLineTools/usr/lib/clang/11.0.0/lib/darwin/libclang_rt.osx.a]
  Library search paths: [;/Library/Developer/CommandLineTools/SDKs/MacOSX10.15.sdk/usr/lib]
  Framework search paths: [;/Library/Developer/CommandLineTools/SDKs/MacOSX10.15.sdk/System/Library/Frameworks/]
  remove lib [System]
  remove lib [/Library/Developer/CommandLineTools/usr/lib/clang/11.0.0/lib/darwin/libclang_rt.osx.a]
  collapse library dir [/Library/Developer/CommandLineTools/SDKs/MacOSX10.15.sdk/usr/lib] ==> [/Library/Developer/CommandLineTools/SDKs/MacOSX10.15.sdk/usr/lib]
  collapse framework dir [/Library/Developer/CommandLineTools/SDKs/MacOSX10.15.sdk/System/Library/Frameworks/] ==> [/Library/Developer/CommandLineTools/SDKs/MacOSX10.15.sdk/System/Library/Frameworks]
  implicit libs: []
  implicit dirs: [/Library/Developer/CommandLineTools/SDKs/MacOSX10.15.sdk/usr/lib]
  implicit fwks: [/Library/Developer/CommandLineTools/SDKs/MacOSX10.15.sdk/System/Library/Frameworks]


Determining if the CXX compiler works passed with the following output:
Change Dir: /Volumes/Aatmik SSD/Algoface-Facial-Tracking/cmake-build-debug/CMakeFiles/CMakeTmp

Run Build Command(s):/usr/bin/make cmTC_9a4d4/fast && /Library/Developer/CommandLineTools/usr/bin/make -f CMakeFiles/cmTC_9a4d4.dir/build.make CMakeFiles/cmTC_9a4d4.dir/build
Building CXX object CMakeFiles/cmTC_9a4d4.dir/testCXXCompiler.cxx.o
/usr/bin/g++    -isysroot /Library/Developer/CommandLineTools/SDKs/MacOSX10.15.sdk   -o CMakeFiles/cmTC_9a4d4.dir/testCXXCompiler.cxx.o -c "/Volumes/Aatmik SSD/Algoface-Facial-Tracking/cmake-build-debug/CMakeFiles/CMakeTmp/testCXXCompiler.cxx"
Linking CXX executable cmTC_9a4d4
/Applications/CLion.app/Contents/bin/cmake/mac/bin/cmake -E cmake_link_script CMakeFiles/cmTC_9a4d4.dir/link.txt --verbose=1
/usr/bin/g++    -isysroot /Library/Developer/CommandLineTools/SDKs/MacOSX10.15.sdk -Wl,-search_paths_first -Wl,-headerpad_max_install_names   CMakeFiles/cmTC_9a4d4.dir/testCXXCompiler.cxx.o  -o cmTC_9a4d4 



Detecting CXX compiler ABI info compiled with the following output:
Change Dir: /Volumes/Aatmik SSD/Algoface-Facial-Tracking/cmake-build-debug/CMakeFiles/CMakeTmp

Run Build Command(s):/usr/bin/make cmTC_b3a08/fast && /Library/Developer/CommandLineTools/usr/bin/make -f CMakeFiles/cmTC_b3a08.dir/build.make CMakeFiles/cmTC_b3a08.dir/build
Building CXX object CMakeFiles/cmTC_b3a08.dir/CMakeCXXCompilerABI.cpp.o
/usr/bin/g++    -isysroot /Library/Developer/CommandLineTools/SDKs/MacOSX10.15.sdk   -v -Wl,-v -o CMakeFiles/cmTC_b3a08.dir/CMakeCXXCompilerABI.cpp.o -c /Applications/CLion.app/Contents/bin/cmake/mac/share/cmake-3.16/Modules/CMakeCXXCompilerABI.cpp
Apple clang version 11.0.0 (clang-1100.0.33.16)
Target: x86_64-apple-darwin19.6.0
Thread model: posix
InstalledDir: /Library/Developer/CommandLineTools/usr/bin
clang: warning: -Wl,-v: 'linker' input unused [-Wunused-command-line-argument]
 "/Library/Developer/CommandLineTools/usr/bin/clang" -cc1 -triple x86_64-apple-macosx10.15.0 -Wdeprecated-objc-isa-usage -Werror=deprecated-objc-isa-usage -emit-obj -mrelax-all -disable-free -disable-llvm-verifier -discard-value-names -main-file-name CMakeCXXCompilerABI.cpp -mrelocation-model pic -pic-level 2 -mthread-model posix -mdisable-fp-elim -fno-strict-return -masm-verbose -munwind-tables -target-sdk-version=10.15 -target-cpu penryn -dwarf-column-info -debugger-tuning=lldb -ggnu-pubnames -target-linker-version 530 -v -coverage-notes-file /Volumes/Aatmik SSD/Algoface-Facial-Tracking/cmake-build-debug/CMakeFiles/CMakeTmp/CMakeFiles/cmTC_b3a08.dir/CMakeCXXCompilerABI.cpp.gcno -resource-dir /Library/Developer/CommandLineTools/usr/lib/clang/11.0.0 -isysroot /Library/Developer/CommandLineTools/SDKs/MacOSX10.15.sdk -stdlib=libc++ -internal-isystem /Library/Developer/CommandLineTools/usr/bin/../include/c++/v1 -Wno-framework-include-private-from-public -Wno-atimport-in-framework-header -Wno-extra-semi-stmt -Wno-quoted-include-in-framework-header -fdeprecated-macro -fdebug-compilation-dir /Volumes/Aatmik SSD/Algoface-Facial-Tracking/cmake-build-debug/CMakeFiles/CMakeTmp -ferror-limit 19 -fmessage-length 0 -stack-protector 1 -fstack-check -mdarwin-stkchk-strong-link -fblocks -fencode-extended-block-signature -fregister-global-dtors-with-atexit -fobjc-runtime=macosx-10.15.0 -fcxx-exceptions -fexceptions -fmax-type-align=16 -fdiagnostics-show-option -o CMakeFiles/cmTC_b3a08.dir/CMakeCXXCompilerABI.cpp.o -x c++ /Applications/CLion.app/Contents/bin/cmake/mac/share/cmake-3.16/Modules/CMakeCXXCompilerABI.cpp
clang -cc1 version 11.0.0 (clang-1100.0.33.16) default target x86_64-apple-darwin19.6.0
ignoring nonexistent directory "/Library/Developer/CommandLineTools/SDKs/MacOSX10.15.sdk/usr/include/c++/v1"
ignoring nonexistent directory "/Library/Developer/CommandLineTools/SDKs/MacOSX10.15.sdk/usr/local/include"
ignoring nonexistent directory "/Library/Developer/CommandLineTools/SDKs/MacOSX10.15.sdk/Library/Frameworks"
#include "..." search starts here:
#include <...> search starts here:
 /Library/Developer/CommandLineTools/usr/bin/../include/c++/v1
 /Library/Developer/CommandLineTools/usr/lib/clang/11.0.0/include
 /Library/Developer/CommandLineTools/usr/include
 /Library/Developer/CommandLineTools/SDKs/MacOSX10.15.sdk/usr/include
 /Library/Developer/CommandLineTools/SDKs/MacOSX10.15.sdk/System/Library/Frameworks (framework directory)
End of search list.
Linking CXX executable cmTC_b3a08
/Applications/CLion.app/Contents/bin/cmake/mac/bin/cmake -E cmake_link_script CMakeFiles/cmTC_b3a08.dir/link.txt --verbose=1
/usr/bin/g++    -isysroot /Library/Developer/CommandLineTools/SDKs/MacOSX10.15.sdk -Wl,-search_paths_first -Wl,-headerpad_max_install_names  -v -Wl,-v CMakeFiles/cmTC_b3a08.dir/CMakeCXXCompilerABI.cpp.o  -o cmTC_b3a08 
Apple clang version 11.0.0 (clang-1100.0.33.16)
Target: x86_64-apple-darwin19.6.0
Thread model: posix
InstalledDir: /Library/Developer/CommandLineTools/usr/bin
 "/Library/Developer/CommandLineTools/usr/bin/ld" -demangle -lto_library /Library/Developer/CommandLineTools/usr/lib/libLTO.dylib -dynamic -arch x86_64 -macosx_version_min 10.15.0 -syslibroot /Library/Developer/CommandLineTools/SDKs/MacOSX10.15.sdk -o cmTC_b3a08 -search_paths_first -headerpad_max_install_names -v CMakeFiles/cmTC_b3a08.dir/CMakeCXXCompilerABI.cpp.o -lc++ -lSystem /Library/Developer/CommandLineTools/usr/lib/clang/11.0.0/lib/darwin/libclang_rt.osx.a
@(#)PROGRAM:ld  PROJECT:ld64-530
BUILD 03:01:58 Nov 15 2019
configured to support archs: armv6 armv7 armv7s arm64 arm64e arm64_32 i386 x86_64 x86_64h armv6m armv7k armv7m armv7em
Library search paths:
	/Library/Developer/CommandLineTools/SDKs/MacOSX10.15.sdk/usr/lib
Framework search paths:
	/Library/Developer/CommandLineTools/SDKs/MacOSX10.15.sdk/System/Library/Frameworks/



Parsed CXX implicit include dir info from above output: rv=done
  found start of include info
  found start of implicit include info
    add: [/Library/Developer/CommandLineTools/usr/bin/../include/c++/v1]
    add: [/Library/Developer/CommandLineTools/usr/lib/clang/11.0.0/include]
    add: [/Library/Developer/CommandLineTools/usr/include]
    add: [/Library/Developer/CommandLineTools/SDKs/MacOSX10.15.sdk/usr/include]
  end of search list found
  collapse include dir [/Library/Developer/CommandLineTools/usr/bin/../include/c++/v1] ==> [/Library/Developer/CommandLineTools/usr/include/c++/v1]
  collapse include dir [/Library/Developer/CommandLineTools/usr/lib/clang/11.0.0/include] ==> [/Library/Developer/CommandLineTools/usr/lib/clang/11.0.0/include]
  collapse include dir [/Library/Developer/CommandLineTools/usr/include] ==> [/Library/Developer/CommandLineTools/usr/include]
  collapse include dir [/Library/Developer/CommandLineTools/SDKs/MacOSX10.15.sdk/usr/include] ==> [/Library/Developer/CommandLineTools/SDKs/MacOSX10.15.sdk/usr/include]
  implicit include dirs: [/Library/Developer/CommandLineTools/usr/include/c++/v1;/Library/Developer/CommandLineTools/usr/lib/clang/11.0.0/include;/Library/Developer/CommandLineTools/usr/include;/Library/Developer/CommandLineTools/SDKs/MacOSX10.15.sdk/usr/include]


Parsed CXX implicit link information from above output:
  link line regex: [^( *|.*[/\])(ld|CMAKE_LINK_STARTFILE-NOTFOUND|([^/\]+-)?ld|collect2)[^/\]*( |$)]
  ignore line: [Change Dir: /Volumes/Aatmik SSD/Algoface-Facial-Tracking/cmake-build-debug/CMakeFiles/CMakeTmp]
  ignore line: []
  ignore line: [Run Build Command(s):/usr/bin/make cmTC_b3a08/fast && /Library/Developer/CommandLineTools/usr/bin/make -f CMakeFiles/cmTC_b3a08.dir/build.make CMakeFiles/cmTC_b3a08.dir/build]
  ignore line: [Building CXX object CMakeFiles/cmTC_b3a08.dir/CMakeCXXCompilerABI.cpp.o]
  ignore line: [/usr/bin/g++    -isysroot /Library/Developer/CommandLineTools/SDKs/MacOSX10.15.sdk   -v -Wl -v -o CMakeFiles/cmTC_b3a08.dir/CMakeCXXCompilerABI.cpp.o -c /Applications/CLion.app/Contents/bin/cmake/mac/share/cmake-3.16/Modules/CMakeCXXCompilerABI.cpp]
  ignore line: [Apple clang version 11.0.0 (clang-1100.0.33.16)]
  ignore line: [Target: x86_64-apple-darwin19.6.0]
  ignore line: [Thread model: posix]
  ignore line: [InstalledDir: /Library/Developer/CommandLineTools/usr/bin]
  ignore line: [clang: warning: -Wl -v: 'linker' input unused [-Wunused-command-line-argument]]
  ignore line: [ "/Library/Developer/CommandLineTools/usr/bin/clang" -cc1 -triple x86_64-apple-macosx10.15.0 -Wdeprecated-objc-isa-usage -Werror=deprecated-objc-isa-usage -emit-obj -mrelax-all -disable-free -disable-llvm-verifier -discard-value-names -main-file-name CMakeCXXCompilerABI.cpp -mrelocation-model pic -pic-level 2 -mthread-model posix -mdisable-fp-elim -fno-strict-return -masm-verbose -munwind-tables -target-sdk-version=10.15 -target-cpu penryn -dwarf-column-info -debugger-tuning=lldb -ggnu-pubnames -target-linker-version 530 -v -coverage-notes-file /Volumes/Aatmik SSD/Algoface-Facial-Tracking/cmake-build-debug/CMakeFiles/CMakeTmp/CMakeFiles/cmTC_b3a08.dir/CMakeCXXCompilerABI.cpp.gcno -resource-dir /Library/Developer/CommandLineTools/usr/lib/clang/11.0.0 -isysroot /Library/Developer/CommandLineTools/SDKs/MacOSX10.15.sdk -stdlib=libc++ -internal-isystem /Library/Developer/CommandLineTools/usr/bin/../include/c++/v1 -Wno-framework-include-private-from-public -Wno-atimport-in-framework-header -Wno-extra-semi-stmt -Wno-quoted-include-in-framework-header -fdeprecated-macro -fdebug-compilation-dir /Volumes/Aatmik SSD/Algoface-Facial-Tracking/cmake-build-debug/CMakeFiles/CMakeTmp -ferror-limit 19 -fmessage-length 0 -stack-protector 1 -fstack-check -mdarwin-stkchk-strong-link -fblocks -fencode-extended-block-signature -fregister-global-dtors-with-atexit -fobjc-runtime=macosx-10.15.0 -fcxx-exceptions -fexceptions -fmax-type-align=16 -fdiagnostics-show-option -o CMakeFiles/cmTC_b3a08.dir/CMakeCXXCompilerABI.cpp.o -x c++ /Applications/CLion.app/Contents/bin/cmake/mac/share/cmake-3.16/Modules/CMakeCXXCompilerABI.cpp]
  ignore line: [clang -cc1 version 11.0.0 (clang-1100.0.33.16) default target x86_64-apple-darwin19.6.0]
  ignore line: [ignoring nonexistent directory "/Library/Developer/CommandLineTools/SDKs/MacOSX10.15.sdk/usr/include/c++/v1"]
  ignore line: [ignoring nonexistent directory "/Library/Developer/CommandLineTools/SDKs/MacOSX10.15.sdk/usr/local/include"]
  ignore line: [ignoring nonexistent directory "/Library/Developer/CommandLineTools/SDKs/MacOSX10.15.sdk/Library/Frameworks"]
  ignore line: [#include "..." search starts here:]
  ignore line: [#include <...> search starts here:]
  ignore line: [ /Library/Developer/CommandLineTools/usr/bin/../include/c++/v1]
  ignore line: [ /Library/Developer/CommandLineTools/usr/lib/clang/11.0.0/include]
  ignore line: [ /Library/Developer/CommandLineTools/usr/include]
  ignore line: [ /Library/Developer/CommandLineTools/SDKs/MacOSX10.15.sdk/usr/include]
  ignore line: [ /Library/Developer/CommandLineTools/SDKs/MacOSX10.15.sdk/System/Library/Frameworks (framework directory)]
  ignore line: [End of search list.]
  ignore line: [Linking CXX executable cmTC_b3a08]
  ignore line: [/Applications/CLion.app/Contents/bin/cmake/mac/bin/cmake -E cmake_link_script CMakeFiles/cmTC_b3a08.dir/link.txt --verbose=1]
  ignore line: [/usr/bin/g++    -isysroot /Library/Developer/CommandLineTools/SDKs/MacOSX10.15.sdk -Wl -search_paths_first -Wl -headerpad_max_install_names  -v -Wl -v CMakeFiles/cmTC_b3a08.dir/CMakeCXXCompilerABI.cpp.o  -o cmTC_b3a08 ]
  ignore line: [Apple clang version 11.0.0 (clang-1100.0.33.16)]
  ignore line: [Target: x86_64-apple-darwin19.6.0]
  ignore line: [Thread model: posix]
  ignore line: [InstalledDir: /Library/Developer/CommandLineTools/usr/bin]
  link line: [ "/Library/Developer/CommandLineTools/usr/bin/ld" -demangle -lto_library /Library/Developer/CommandLineTools/usr/lib/libLTO.dylib -dynamic -arch x86_64 -macosx_version_min 10.15.0 -syslibroot /Library/Developer/CommandLineTools/SDKs/MacOSX10.15.sdk -o cmTC_b3a08 -search_paths_first -headerpad_max_install_names -v CMakeFiles/cmTC_b3a08.dir/CMakeCXXCompilerABI.cpp.o -lc++ -lSystem /Library/Developer/CommandLineTools/usr/lib/clang/11.0.0/lib/darwin/libclang_rt.osx.a]
    arg [/Library/Developer/CommandLineTools/usr/bin/ld] ==> ignore
    arg [-demangle] ==> ignore
    arg [-lto_library] ==> ignore, skip following value
    arg [/Library/Developer/CommandLineTools/usr/lib/libLTO.dylib] ==> skip value of -lto_library
    arg [-dynamic] ==> ignore
    arg [-arch] ==> ignore
    arg [x86_64] ==> ignore
    arg [-macosx_version_min] ==> ignore
    arg [10.15.0] ==> ignore
    arg [-syslibroot] ==> ignore
    arg [/Library/Developer/CommandLineTools/SDKs/MacOSX10.15.sdk] ==> ignore
    arg [-o] ==> ignore
    arg [cmTC_b3a08] ==> ignore
    arg [-search_paths_first] ==> ignore
    arg [-headerpad_max_install_names] ==> ignore
    arg [-v] ==> ignore
    arg [CMakeFiles/cmTC_b3a08.dir/CMakeCXXCompilerABI.cpp.o] ==> ignore
    arg [-lc++] ==> lib [c++]
    arg [-lSystem] ==> lib [System]
    arg [/Library/Developer/CommandLineTools/usr/lib/clang/11.0.0/lib/darwin/libclang_rt.osx.a] ==> lib [/Library/Developer/CommandLineTools/usr/lib/clang/11.0.0/lib/darwin/libclang_rt.osx.a]
  Library search paths: [;/Library/Developer/CommandLineTools/SDKs/MacOSX10.15.sdk/usr/lib]
  Framework search paths: [;/Library/Developer/CommandLineTools/SDKs/MacOSX10.15.sdk/System/Library/Frameworks/]
  remove lib [System]
  remove lib [/Library/Developer/CommandLineTools/usr/lib/clang/11.0.0/lib/darwin/libclang_rt.osx.a]
  collapse library dir [/Library/Developer/CommandLineTools/SDKs/MacOSX10.15.sdk/usr/lib] ==> [/Library/Developer/CommandLineTools/SDKs/MacOSX10.15.sdk/usr/lib]
  collapse framework dir [/Library/Developer/CommandLineTools/SDKs/MacOSX10.15.sdk/System/Library/Frameworks/] ==> [/Library/Developer/CommandLineTools/SDKs/MacOSX10.15.sdk/System/Library/Frameworks]
  implicit libs: [c++]
  implicit dirs: [/Library/Developer/CommandLineTools/SDKs/MacOSX10.15.sdk/usr/lib]
  implicit fwks: [/Library/Developer/CommandLineTools/SDKs/MacOSX10.15.sdk/System/Library/Frameworks]


Determining if the include file pthread.h exists passed with the following output:
Change Dir: /Volumes/Aatmik SSD/Algoface-Facial-Tracking/cmake-build-debug/CMakeFiles/CMakeTmp

Run Build Command(s):/usr/bin/make cmTC_f7aba/fast && /Library/Developer/CommandLineTools/usr/bin/make -f CMakeFiles/cmTC_f7aba.dir/build.make CMakeFiles/cmTC_f7aba.dir/build
Building C object CMakeFiles/cmTC_f7aba.dir/CheckIncludeFile.c.o
/usr/bin/gcc   -isysroot /Library/Developer/CommandLineTools/SDKs/MacOSX10.15.sdk   -o CMakeFiles/cmTC_f7aba.dir/CheckIncludeFile.c.o   -c "/Volumes/Aatmik SSD/Algoface-Facial-Tracking/cmake-build-debug/CMakeFiles/CMakeTmp/CheckIncludeFile.c"
Linking C executable cmTC_f7aba
/Applications/CLion.app/Contents/bin/cmake/mac/bin/cmake -E cmake_link_script CMakeFiles/cmTC_f7aba.dir/link.txt --verbose=1
/usr/bin/gcc   -isysroot /Library/Developer/CommandLineTools/SDKs/MacOSX10.15.sdk -Wl,-search_paths_first -Wl,-headerpad_max_install_names   CMakeFiles/cmTC_f7aba.dir/CheckIncludeFile.c.o  -o cmTC_f7aba 



Performing C SOURCE FILE Test CMAKE_HAVE_LIBC_PTHREAD succeeded with the following output:
Change Dir: /Volumes/Aatmik SSD/Algoface-Facial-Tracking/cmake-build-debug/CMakeFiles/CMakeTmp

Run Build Command(s):/usr/bin/make cmTC_a3c1b/fast && /Library/Developer/CommandLineTools/usr/bin/make -f CMakeFiles/cmTC_a3c1b.dir/build.make CMakeFiles/cmTC_a3c1b.dir/build
Building C object CMakeFiles/cmTC_a3c1b.dir/src.c.o
/usr/bin/gcc   -DCMAKE_HAVE_LIBC_PTHREAD -isysroot /Library/Developer/CommandLineTools/SDKs/MacOSX10.15.sdk   -o CMakeFiles/cmTC_a3c1b.dir/src.c.o   -c "/Volumes/Aatmik SSD/Algoface-Facial-Tracking/cmake-build-debug/CMakeFiles/CMakeTmp/src.c"
Linking C executable cmTC_a3c1b
/Applications/CLion.app/Contents/bin/cmake/mac/bin/cmake -E cmake_link_script CMakeFiles/cmTC_a3c1b.dir/link.txt --verbose=1
/usr/bin/gcc  -DCMAKE_HAVE_LIBC_PTHREAD -isysroot /Library/Developer/CommandLineTools/SDKs/MacOSX10.15.sdk -Wl,-search_paths_first -Wl,-headerpad_max_install_names   CMakeFiles/cmTC_a3c1b.dir/src.c.o  -o cmTC_a3c1b 


Source file was:
#include <pthread.h>

void* test_func(void* data)
{
  return data;
}

int main(void)
{
  pthread_t thread;
  pthread_create(&thread, NULL, test_func, NULL);
  pthread_detach(thread);
  pthread_join(thread, NULL);
  pthread_atfork(NULL, NULL, NULL);
  pthread_exit(NULL);

  return 0;
}

Determining if the function XOpenDisplay exists in the /usr/local/lib/libX11.dylib;/usr/local/lib/libXext.dylib passed with the following output:
Change Dir: /Volumes/Aatmik SSD/Algoface-Facial-Tracking/cmake-build-debug/CMakeFiles/CMakeTmp

Run Build Command(s):/usr/bin/make cmTC_cd4ec/fast && /Library/Developer/CommandLineTools/usr/bin/make -f CMakeFiles/cmTC_cd4ec.dir/build.make CMakeFiles/cmTC_cd4ec.dir/build
Building C object CMakeFiles/cmTC_cd4ec.dir/CheckFunctionExists.c.o
/usr/bin/gcc   -DCHECK_FUNCTION_EXISTS=XOpenDisplay -isysroot /Library/Developer/CommandLineTools/SDKs/MacOSX10.15.sdk   -o CMakeFiles/cmTC_cd4ec.dir/CheckFunctionExists.c.o   -c /Applications/CLion.app/Contents/bin/cmake/mac/share/cmake-3.16/Modules/CheckFunctionExists.c
Linking C executable cmTC_cd4ec
/Applications/CLion.app/Contents/bin/cmake/mac/bin/cmake -E cmake_link_script CMakeFiles/cmTC_cd4ec.dir/link.txt --verbose=1
/usr/bin/gcc  -DCHECK_FUNCTION_EXISTS=XOpenDisplay -isysroot /Library/Developer/CommandLineTools/SDKs/MacOSX10.15.sdk -Wl,-search_paths_first -Wl,-headerpad_max_install_names   CMakeFiles/cmTC_cd4ec.dir/CheckFunctionExists.c.o  -o cmTC_cd4ec   -L/usr/local/lib  -Wl,-rpath,/usr/local/lib /usr/local/lib/libX11.dylib /usr/local/lib/libXext.dylib 



Determining if the function gethostbyname exists passed with the following output:
Change Dir: /Volumes/Aatmik SSD/Algoface-Facial-Tracking/cmake-build-debug/CMakeFiles/CMakeTmp

Run Build Command(s):/usr/bin/make cmTC_bc8af/fast && /Library/Developer/CommandLineTools/usr/bin/make -f CMakeFiles/cmTC_bc8af.dir/build.make CMakeFiles/cmTC_bc8af.dir/build
Building C object CMakeFiles/cmTC_bc8af.dir/CheckFunctionExists.c.o
/usr/bin/gcc   -DCHECK_FUNCTION_EXISTS=gethostbyname -isysroot /Library/Developer/CommandLineTools/SDKs/MacOSX10.15.sdk   -o CMakeFiles/cmTC_bc8af.dir/CheckFunctionExists.c.o   -c /Applications/CLion.app/Contents/bin/cmake/mac/share/cmake-3.16/Modules/CheckFunctionExists.c
Linking C executable cmTC_bc8af
/Applications/CLion.app/Contents/bin/cmake/mac/bin/cmake -E cmake_link_script CMakeFiles/cmTC_bc8af.dir/link.txt --verbose=1
/usr/bin/gcc  -DCHECK_FUNCTION_EXISTS=gethostbyname -isysroot /Library/Developer/CommandLineTools/SDKs/MacOSX10.15.sdk -Wl,-search_paths_first -Wl,-headerpad_max_install_names   CMakeFiles/cmTC_bc8af.dir/CheckFunctionExists.c.o  -o cmTC_bc8af 



Determining if the function connect exists passed with the following output:
Change Dir: /Volumes/Aatmik SSD/Algoface-Facial-Tracking/cmake-build-debug/CMakeFiles/CMakeTmp

Run Build Command(s):/usr/bin/make cmTC_6fed7/fast && /Library/Developer/CommandLineTools/usr/bin/make -f CMakeFiles/cmTC_6fed7.dir/build.make CMakeFiles/cmTC_6fed7.dir/build
Building C object CMakeFiles/cmTC_6fed7.dir/CheckFunctionExists.c.o
/usr/bin/gcc   -DCHECK_FUNCTION_EXISTS=connect -isysroot /Library/Developer/CommandLineTools/SDKs/MacOSX10.15.sdk   -o CMakeFiles/cmTC_6fed7.dir/CheckFunctionExists.c.o   -c /Applications/CLion.app/Contents/bin/cmake/mac/share/cmake-3.16/Modules/CheckFunctionExists.c
Linking C executable cmTC_6fed7
/Applications/CLion.app/Contents/bin/cmake/mac/bin/cmake -E cmake_link_script CMakeFiles/cmTC_6fed7.dir/link.txt --verbose=1
/usr/bin/gcc  -DCHECK_FUNCTION_EXISTS=connect -isysroot /Library/Developer/CommandLineTools/SDKs/MacOSX10.15.sdk -Wl,-search_paths_first -Wl,-headerpad_max_install_names   CMakeFiles/cmTC_6fed7.dir/CheckFunctionExists.c.o  -o cmTC_6fed7 



Determining if the function remove exists passed with the following output:
Change Dir: /Volumes/Aatmik SSD/Algoface-Facial-Tracking/cmake-build-debug/CMakeFiles/CMakeTmp

Run Build Command(s):/usr/bin/make cmTC_ff6d2/fast && /Library/Developer/CommandLineTools/usr/bin/make -f CMakeFiles/cmTC_ff6d2.dir/build.make CMakeFiles/cmTC_ff6d2.dir/build
Building C object CMakeFiles/cmTC_ff6d2.dir/CheckFunctionExists.c.o
/usr/bin/gcc   -DCHECK_FUNCTION_EXISTS=remove -isysroot /Library/Developer/CommandLineTools/SDKs/MacOSX10.15.sdk   -o CMakeFiles/cmTC_ff6d2.dir/CheckFunctionExists.c.o   -c /Applications/CLion.app/Contents/bin/cmake/mac/share/cmake-3.16/Modules/CheckFunctionExists.c
Linking C executable cmTC_ff6d2
/Applications/CLion.app/Contents/bin/cmake/mac/bin/cmake -E cmake_link_script CMakeFiles/cmTC_ff6d2.dir/link.txt --verbose=1
/usr/bin/gcc  -DCHECK_FUNCTION_EXISTS=remove -isysroot /Library/Developer/CommandLineTools/SDKs/MacOSX10.15.sdk -Wl,-search_paths_first -Wl,-headerpad_max_install_names   CMakeFiles/cmTC_ff6d2.dir/CheckFunctionExists.c.o  -o cmTC_ff6d2 



Determining if the function shmat exists passed with the following output:
Change Dir: /Volumes/Aatmik SSD/Algoface-Facial-Tracking/cmake-build-debug/CMakeFiles/CMakeTmp

Run Build Command(s):/usr/bin/make cmTC_59bcd/fast && /Library/Developer/CommandLineTools/usr/bin/make -f CMakeFiles/cmTC_59bcd.dir/build.make CMakeFiles/cmTC_59bcd.dir/build
Building C object CMakeFiles/cmTC_59bcd.dir/CheckFunctionExists.c.o
/usr/bin/gcc   -DCHECK_FUNCTION_EXISTS=shmat -isysroot /Library/Developer/CommandLineTools/SDKs/MacOSX10.15.sdk   -o CMakeFiles/cmTC_59bcd.dir/CheckFunctionExists.c.o   -c /Applications/CLion.app/Contents/bin/cmake/mac/share/cmake-3.16/Modules/CheckFunctionExists.c
Linking C executable cmTC_59bcd
/Applications/CLion.app/Contents/bin/cmake/mac/bin/cmake -E cmake_link_script CMakeFiles/cmTC_59bcd.dir/link.txt --verbose=1
/usr/bin/gcc  -DCHECK_FUNCTION_EXISTS=shmat -isysroot /Library/Developer/CommandLineTools/SDKs/MacOSX10.15.sdk -Wl,-search_paths_first -Wl,-headerpad_max_install_names   CMakeFiles/cmTC_59bcd.dir/CheckFunctionExists.c.o  -o cmTC_59bcd 



